demoTest2/build/outputs/logs/manifest-merger-debug-report.txt
-- Merging decision tree log ---
manifest
ADDED from src\main\AndroidManifest.xml:2:1-104:12
INJECTED from src\main\AndroidManifest.xml:2:1-104:12
INJECTED from src\main\AndroidManifest.xml:2:1-104:12
INJECTED from src\main\AndroidManifest.xml:2:1-104:12
MERGED from [com.android.support:support-v4:27.1.1] AndroidManifest.xml:17:1-22:12
MERGED from [com.android.support:support-media-compat:27.1.1] AndroidManifest.xml:17:1-22:12
MERGED from [com.android.support:support-fragment:27.1.1] AndroidManifest.xml:17:1-22:12
MERGED from [com.android.support:support-core-ui:27.1.1] AndroidManifest.xml:17:1-22:12
MERGED from [com.android.support:support-core-utils:27.1.1] AndroidManifest.xml:17:1-22:12
MERGED from [com.android.support:support-compat:27.1.1] AndroidManifest.xml:17:1-22:12
MERGED from [android.arch.lifecycle:runtime:1.1.0] AndroidManifest.xml:17:1-22:12
MERGED from [android.arch.lifecycle:livedata-core:1.1.0] AndroidManifest.xml:17:1-22:12
MERGED from [android.arch.lifecycle:viewmodel:1.1.0] AndroidManifest.xml:17:1-22:12
MERGED from [android.arch.core:runtime:1.1.0] AndroidManifest.xml:17:1-22:12
INJECTED from src\main\AndroidManifest.xml:2:1-104:12
INJECTED from src\main\AndroidManifest.xml:2:1-104:12
INJECTED from src\main\AndroidManifest.xml:2:1-104:12
	package
		ADDED from src\main\AndroidManifest.xml:3:5-43
		INJECTED from src\main\AndroidManifest.xml
		INJECTED from src\main\AndroidManifest.xml
	android:versionName
		ADDED from src\main\AndroidManifest.xml:5:5-30
		INJECTED from src\main\AndroidManifest.xml
		INJECTED from src\main\AndroidManifest.xml
	xmlns:android
		ADDED from src\main\AndroidManifest.xml:2:11-69
	android:versionCode
		ADDED from src\main\AndroidManifest.xml:4:5-28
		INJECTED from src\main\AndroidManifest.xml
		INJECTED from src\main\AndroidManifest.xml
uses-sdk
ADDED from src\main\AndroidManifest.xml:7:5-9:41
INJECTED from src\main\AndroidManifest.xml:7:5-9:41
INJECTED from src\main\AndroidManifest.xml:7:5-9:41
MERGED from [com.android.support:support-v4:27.1.1] AndroidManifest.xml:20:5-44
MERGED from [com.android.support:support-v4:27.1.1] AndroidManifest.xml:20:5-44
MERGED from [com.android.support:support-media-compat:27.1.1] AndroidManifest.xml:20:5-44
MERGED from [com.android.support:support-media-compat:27.1.1] AndroidManifest.xml:20:5-44
MERGED from [com.android.support:support-fragment:27.1.1] AndroidManifest.xml:20:5-44
MERGED from [com.android.support:support-fragment:27.1.1] AndroidManifest.xml:20:5-44
MERGED from [com.android.support:support-core-ui:27.1.1] AndroidManifest.xml:20:5-44
MERGED from [com.android.support:support-core-ui:27.1.1] AndroidManifest.xml:20:5-44
MERGED from [com.android.support:support-core-utils:27.1.1] AndroidManifest.xml:20:5-44
MERGED from [com.android.support:support-core-utils:27.1.1] AndroidManifest.xml:20:5-44
MERGED from [com.android.support:support-compat:27.1.1] AndroidManifest.xml:20:5-44
MERGED from [com.android.support:support-compat:27.1.1] AndroidManifest.xml:20:5-44
MERGED from [android.arch.lifecycle:runtime:1.1.0] AndroidManifest.xml:20:5-44
MERGED from [android.arch.lifecycle:runtime:1.1.0] AndroidManifest.xml:20:5-44
MERGED from [android.arch.lifecycle:livedata-core:1.1.0] AndroidManifest.xml:20:5-44
MERGED from [android.arch.lifecycle:livedata-core:1.1.0] AndroidManifest.xml:20:5-44
MERGED from [android.arch.lifecycle:viewmodel:1.1.0] AndroidManifest.xml:20:5-44
MERGED from [android.arch.lifecycle:viewmodel:1.1.0] AndroidManifest.xml:20:5-44
MERGED from [android.arch.core:runtime:1.1.0] AndroidManifest.xml:20:5-44
MERGED from [android.arch.core:runtime:1.1.0] AndroidManifest.xml:20:5-44
INJECTED from src\main\AndroidManifest.xml:7:5-9:41
INJECTED from src\main\AndroidManifest.xml:7:5-9:41
	android:targetSdkVersion
		ADDED from src\main\AndroidManifest.xml:9:9-38
		INJECTED from src\main\AndroidManifest.xml
		INJECTED from src\main\AndroidManifest.xml
	android:minSdkVersion
		ADDED from src\main\AndroidManifest.xml:8:9-35
		INJECTED from src\main\AndroidManifest.xml
		INJECTED from src\main\AndroidManifest.xml
application
ADDED from src\main\AndroidManifest.xml:10:5-66:19
	android:sharedUserId
		ADDED from src\main\AndroidManifest.xml:14:9-50
	android:label
		ADDED from src\main\AndroidManifest.xml:13:9-41
	android:icon
		ADDED from src\main\AndroidManifest.xml:12:9-45
	android:allowBackup
		ADDED from src\main\AndroidManifest.xml:11:9-35
meta-data#YUNBA_APPKEY
ADDED from src\main\AndroidManifest.xml:15:9-91
	android:value
		ADDED from src\main\AndroidManifest.xml:15:48-88
	android:name
		ADDED from src\main\AndroidManifest.xml:15:20-47
activity#com.leotech.agora.OpenVCallActivity
ADDED from src\main\AndroidManifest.xml:16:3-20:19
	android:launchMode
		ADDED from src\main\AndroidManifest.xml:19:7-37
	android:theme
		ADDED from src\main\AndroidManifest.xml:18:7-65
	android:name
		ADDED from src\main\AndroidManifest.xml:17:7-57
activity#com.leotech.actioncontroller.MainActivity
ADDED from src\main\AndroidManifest.xml:21:9-29:20
	android:label
		ADDED from src\main\AndroidManifest.xml:23:13-45
	android:theme
		ADDED from src\main\AndroidManifest.xml:24:13-58
	android:name
		ADDED from src\main\AndroidManifest.xml:22:13-41
intent-filter#action:name:android.intent.action.MAIN+category:name:android.intent.category.LAUNCHER
ADDED from src\main\AndroidManifest.xml:25:13-28:29
action#android.intent.action.MAIN
ADDED from src\main\AndroidManifest.xml:26:17-69
	android:name
		ADDED from src\main\AndroidManifest.xml:26:25-66
category#android.intent.category.LAUNCHER
ADDED from src\main\AndroidManifest.xml:27:17-77
	android:name
		ADDED from src\main\AndroidManifest.xml:27:27-74
service#com.leo.api.bluetooth.UartService
ADDED from src\main\AndroidManifest.xml:30:3-86
	android:enabled
		ADDED from src\main\AndroidManifest.xml:30:12-34
	android:name
		ADDED from src\main\AndroidManifest.xml:30:35-83
activity#com.leotech.actioncontroller.VideoActivity
ADDED from src\main\AndroidManifest.xml:32:9-39:20
	android:theme
		ADDED from src\main\AndroidManifest.xml:34:13-71
	android:name
		ADDED from src\main\AndroidManifest.xml:33:13-70
intent-filter#action:name:android.intent.view.remotevideo+category:name:android.intent.category.DEFAULT
ADDED from src\main\AndroidManifest.xml:35:13-38:29
action#android.intent.view.remotevideo
ADDED from src\main\AndroidManifest.xml:36:17-74
	android:name
		ADDED from src\main\AndroidManifest.xml:36:25-71
category#android.intent.category.DEFAULT
ADDED from src\main\AndroidManifest.xml:37:17-76
	android:name
		ADDED from src\main\AndroidManifest.xml:37:27-73
service#com.leo.api.control.ControlService
ADDED from src\main\AndroidManifest.xml:40:9-41:19
	android:name
		ADDED from src\main\AndroidManifest.xml:40:18-67
receiver#com.leotech.boot.BootReceiver
ADDED from src\main\AndroidManifest.xml:42:9-49:20
	android:enabled
		ADDED from src\main\AndroidManifest.xml:44:13-35
	android:name
		ADDED from src\main\AndroidManifest.xml:43:13-57
intent-filter#action:name:android.intent.action.BOOT_COMPLETED+category:name:android.intent.category.LAUNCHER
ADDED from src\main\AndroidManifest.xml:45:13-48:29
action#android.intent.action.BOOT_COMPLETED
ADDED from src\main\AndroidManifest.xml:46:17-79
	android:name
		ADDED from src\main\AndroidManifest.xml:46:25-76
activity#com.leotech.agora.RemoteVideoParamActivity
ADDED from src\main\AndroidManifest.xml:54:9-57:20
	android:name
		ADDED from src\main\AndroidManifest.xml:55:13-70
service#io.yunba.android.core.YunBaService
ADDED from src\main\AndroidManifest.xml:59:9-69
	android:name
		ADDED from src\main\AndroidManifest.xml:59:18-67
receiver#io.yunba.android.core.YunBaReceiver
ADDED from src\main\AndroidManifest.xml:60:9-65:14
	android:name
		ADDED from src\main\AndroidManifest.xml:60:19-69
intent-filter#action:name:android.intent.action.USER_PRESENT+action:name:android.net.conn.CONNECTIVITY_CHANGE
ADDED from src\main\AndroidManifest.xml:61:7-64:23
action#android.intent.action.USER_PRESENT
ADDED from src\main\AndroidManifest.xml:62:11-71
	android:name
		ADDED from src\main\AndroidManifest.xml:62:19-68
action#android.net.conn.CONNECTIVITY_CHANGE
ADDED from src\main\AndroidManifest.xml:63:11-73
	android:name
		ADDED from src\main\AndroidManifest.xml:63:19-70
uses-permission#android.permission.SERIAL_PORT
ADDED from src\main\AndroidManifest.xml:67:5-70
	android:name
		ADDED from src\main\AndroidManifest.xml:67:22-67
uses-permission#android.permission.INTERNET
ADDED from src\main\AndroidManifest.xml:68:5-67
	android:name
		ADDED from src\main\AndroidManifest.xml:68:22-64
uses-permission#android.permission.ACCESS_WIFI_STATE
ADDED from src\main\AndroidManifest.xml:69:5-76
	android:name
		ADDED from src\main\AndroidManifest.xml:69:22-73
uses-permission#android.permission.CHANGE_WIFI_STATE
ADDED from src\main\AndroidManifest.xml:70:5-76
	android:name
		ADDED from src\main\AndroidManifest.xml:70:22-73
uses-permission#android.permission.ACCESS_NETWORK_STATE
ADDED from src\main\AndroidManifest.xml:71:5-79
	android:name
		ADDED from src\main\AndroidManifest.xml:71:22-76
uses-permission#android.permission.RECEIVE_BOOT_COMPLETED
ADDED from src\main\AndroidManifest.xml:72:5-81
	android:name
		ADDED from src\main\AndroidManifest.xml:72:22-78
uses-permission#android.permission.READ_EXTERNAL_STORAGE
ADDED from src\main\AndroidManifest.xml:73:5-80
	android:name
		ADDED from src\main\AndroidManifest.xml:73:22-77
uses-permission#android.permission.WRITE_EXTERNAL_STORAGE
ADDED from src\main\AndroidManifest.xml:74:5-81
	android:name
		ADDED from src\main\AndroidManifest.xml:74:22-78
uses-permission#android.permission.BLUETOOTH
ADDED from src\main\AndroidManifest.xml:75:5-68
	android:name
		ADDED from src\main\AndroidManifest.xml:75:22-65
uses-permission#android.permission.BLUETOOTH_ADMIN
ADDED from src\main\AndroidManifest.xml:76:5-74
	android:name
		ADDED from src\main\AndroidManifest.xml:76:22-71
uses-permission#android.permission.READ_PHONE_STATE
ADDED from src\main\AndroidManifest.xml:77:5-75
	android:name
		ADDED from src\main\AndroidManifest.xml:77:22-72
uses-permission#android.permission.CAMERA
ADDED from src\main\AndroidManifest.xml:78:5-66
	android:name
		ADDED from src\main\AndroidManifest.xml:78:22-62
uses-permission#android.permission.DISABLE_KEYGUARD
ADDED from src\main\AndroidManifest.xml:79:5-75
	android:name
		ADDED from src\main\AndroidManifest.xml:79:22-72
uses-permission#android.permission.MOUNT_UNMOUNT_FILESYSTEMS
ADDED from src\main\AndroidManifest.xml:80:5-84
	android:name
		ADDED from src\main\AndroidManifest.xml:80:22-81
uses-permission#android.permission.RECORD_AUDIO
ADDED from src\main\AndroidManifest.xml:81:5-71
	android:name
		ADDED from src\main\AndroidManifest.xml:81:22-68
uses-permission#android.permission.MODIFY_AUDIO_SETTINGS
ADDED from src\main\AndroidManifest.xml:82:5-80
	android:name
		ADDED from src\main\AndroidManifest.xml:82:22-77
uses-permission#android.permission.BROADCAST_STICKY
ADDED from src\main\AndroidManifest.xml:83:5-75
	android:name
		ADDED from src\main\AndroidManifest.xml:83:22-72
uses-permission#android.permission.CALL_PHONE
ADDED from src\main\AndroidManifest.xml:84:5-69
	android:name
		ADDED from src\main\AndroidManifest.xml:84:22-66
uses-permission#android.permission.READ_CONTACTS
ADDED from src\main\AndroidManifest.xml:85:5-72
	android:name
		ADDED from src\main\AndroidManifest.xml:85:22-69
uses-permission#android.permission.SEND_SMS
ADDED from src\main\AndroidManifest.xml:86:5-67
	android:name
		ADDED from src\main\AndroidManifest.xml:86:22-64
uses-permission#android.permission.WAKE_LOCK
ADDED from src\main\AndroidManifest.xml:87:5-68
	android:name
		ADDED from src\main\AndroidManifest.xml:87:22-65
uses-permission#android.permission.ACCESS_FINE_LOCATION
ADDED from src\main\AndroidManifest.xml:88:5-79
	android:name
		ADDED from src\main\AndroidManifest.xml:88:22-76
uses-permission#android.permission.ACCESS_COARSE_LOCATION
ADDED from src\main\AndroidManifest.xml:89:5-80
	android:name
		ADDED from src\main\AndroidManifest.xml:89:22-78
uses-permission#android.permission.BAIDU_LOCATION_SERVICE
ADDED from src\main\AndroidManifest.xml:90:5-81
	android:name
		ADDED from src\main\AndroidManifest.xml:90:22-78
uses-permission#android.permission.VIBRATE
ADDED from src\main\AndroidManifest.xml:91:5-66
	android:name
		ADDED from src\main\AndroidManifest.xml:91:22-63
uses-permission#android.permission.WRITE_SETTINGS
ADDED from src\main\AndroidManifest.xml:92:5-73
	android:name
		ADDED from src\main\AndroidManifest.xml:92:22-70
uses-permission#android.permission.SET_TIME_ZONE
ADDED from src\main\AndroidManifest.xml:93:5-72
	android:name
		ADDED from src\main\AndroidManifest.xml:93:22-69
uses-permission#android.permission.CHANGE_NETWORK_STATE
ADDED from src\main\AndroidManifest.xml:94:5-79
	android:name
		ADDED from src\main\AndroidManifest.xml:94:22-76
uses-permission#android.permission.RECEIVE_USER_PRESENT
ADDED from src\main\AndroidManifest.xml:96:5-79
	android:name
		ADDED from src\main\AndroidManifest.xml:96:22-76
uses-feature#android.hardware.camera
ADDED from src\main\AndroidManifest.xml:97:2-57
	android:name
		ADDED from src\main\AndroidManifest.xml:97:16-54
uses-feature#android.hardware.camera.autofocus
ADDED from src\main\AndroidManifest.xml:98:5-70
	android:name
		ADDED from src\main\AndroidManifest.xml:98:19-67
supports-screens
ADDED from src\main\AndroidManifest.xml:99:5-102:40
	android:largeScreens
		ADDED from src\main\AndroidManifest.xml:101:9-36
	android:normalScreens
		ADDED from src\main\AndroidManifest.xml:102:9-37
	android:anyDensity
		ADDED from src\main\AndroidManifest.xml:100:9-34